Using pre-set license
Built from '2020.3/staging' branch; Version is '2020.3.8f1 (507919d4fff5) revision 5273881'; Using compiler version '192528614'; Build Type 'Release'
OS: 'Windows 10 Home; OS build 19041.985; Version 2004; 64bit' Language: 'ko' Physical Memory: 16334 MB
BatchMode: 1, IsHumanControllingUs: 0, StartBugReporterOnCrash: 0, Is64bit: 1, IsPro: 0

 COMMAND LINE ARGUMENTS:
C:\Program Files\Unity\Hub\Editor\2020.3.8f1\Editor\Unity.exe
-adb2
-batchMode
-noUpm
-name
AssetImportWorker0
-projectPath
C:/sss/practice_Unity/SchoolProject2(3D)
-logFile
Logs/AssetImportWorker0.log
-srvPort
50531
Successfully changed project path to: C:/sss/practice_Unity/SchoolProject2(3D)
C:/sss/practice_Unity/SchoolProject2(3D)
Using Asset Import Pipeline V2.
Refreshing native plugins compatible for Editor in 27.04 ms, found 0 plugins.
Preloading 0 native plugins for Editor in 0.00 ms.
Initialize engine version: 2020.3.8f1 (507919d4fff5)
[Subsystems] Discovering subsystems at path C:/Program Files/Unity/Hub/Editor/2020.3.8f1/Editor/Data/Resources/UnitySubsystems
[Subsystems] Discovering subsystems at path C:/sss/practice_Unity/SchoolProject2(3D)/Assets
GfxDevice: creating device client; threaded=0
Direct3D:
    Version:  Direct3D 11.0 [level 11.1]
    Renderer: NVIDIA GeForce GTX 1060 6GB (ID=0x1c03)
    Vendor:   
    VRAM:     6052 MB
    Driver:   27.21.14.5671
Initialize mono
Mono path[0] = 'C:/Program Files/Unity/Hub/Editor/2020.3.8f1/Editor/Data/Managed'
Mono path[1] = 'C:/Program Files/Unity/Hub/Editor/2020.3.8f1/Editor/Data/MonoBleedingEdge/lib/mono/unityjit'
Mono config path = 'C:/Program Files/Unity/Hub/Editor/2020.3.8f1/Editor/Data/MonoBleedingEdge/etc'
Using monoOptions --debugger-agent=transport=dt_socket,embedding=1,server=y,suspend=n,address=127.0.0.1:56112
Begin MonoManager ReloadAssembly
Registering precompiled unity dll's ...
Register platform support module: C:/Program Files/Unity/Hub/Editor/2020.3.8f1/Editor/Data/PlaybackEngines/WindowsStandaloneSupport/UnityEditor.WindowsStandalone.Extensions.dll
Registered in 0.009125 seconds.
Native extension for WindowsStandalone target not found
Refreshing native plugins compatible for Editor in 26.34 ms, found 0 plugins.
Preloading 0 native plugins for Editor in 0.00 ms.
Mono: successfully reloaded assembly
- Completed reload, in  1.421 seconds
Platform modules already initialized, skipping
Registering precompiled user dll's ...
Registered in 0.001973 seconds.
Begin MonoManager ReloadAssembly
Native extension for WindowsStandalone target not found
Refreshing native plugins compatible for Editor in 0.22 ms, found 0 plugins.
Preloading 0 native plugins for Editor in 0.00 ms.
Mono: successfully reloaded assembly
- Completed reload, in  1.117 seconds
Platform modules already initialized, skipping
========================================================================
Worker process is ready to serve import requests
Launched and connected shader compiler UnityShaderCompiler.exe after 0.06 seconds
Refreshing native plugins compatible for Editor in 0.21 ms, found 0 plugins.
Preloading 0 native plugins for Editor in 0.00 ms.
Unloading 1115 Unused Serialized files (Serialized files now loaded: 0)
System memory in use before: 57.1 MB.
System memory in use after: 57.2 MB.

Unloading 10 unused Assets to reduce memory usage. Loaded Objects now: 1557.
Total: 1.640300 ms (FindLiveObjects: 0.119200 ms CreateObjectMapping: 0.027300 ms MarkObjects: 1.409900 ms  DeleteObjects: 0.082800 ms)

========================================================================
Received Import Request.
  path: Assets
  artifactKey: Guid(00000000000000001000000000000000) Importer(815301076,1909f56bfc062723c751e8b465ee728b)
Start importing Assets using Guid(00000000000000001000000000000000) Importer(815301076,1909f56bfc062723c751e8b465ee728b)  -> (artifact id: '42d402b061de3733987d63b9cc3b64de') in 0.007245 seconds
  Import took 0.009568 seconds .

========================================================================
Received Import Request.
  Time since last request: 3.991550 seconds.
  path: Assets/Scenes
  artifactKey: Guid(d8106cea199c2164fa9dfac912e6f24e) Importer(815301076,1909f56bfc062723c751e8b465ee728b)
Start importing Assets/Scenes using Guid(d8106cea199c2164fa9dfac912e6f24e) Importer(815301076,1909f56bfc062723c751e8b465ee728b)  -> (artifact id: 'cd7da29720580337905fb14e3e7b461f') in 0.004787 seconds
  Import took 0.007276 seconds .

========================================================================
Received Prepare
Registering precompiled user dll's ...
Registered in 0.001942 seconds.
Begin MonoManager ReloadAssembly
Native extension for WindowsStandalone target not found
Refreshing native plugins compatible for Editor in 0.24 ms, found 0 plugins.
Preloading 0 native plugins for Editor in 0.00 ms.
[ScriptCompilation] NOT recompiling all scripts because this is an import worker process. Reason to compile was: Define symbols changed
Mono: successfully reloaded assembly
- Completed reload, in  1.387 seconds
Platform modules already initialized, skipping
Refreshing native plugins compatible for Editor in 0.24 ms, found 0 plugins.
Preloading 0 native plugins for Editor in 0.00 ms.
Unloading 1230 Unused Serialized files (Serialized files now loaded: 0)
System memory in use before: 64.5 MB.
System memory in use after: 62.6 MB.

Unloading 32 unused Assets to reduce memory usage. Loaded Objects now: 1653.
Total: 2.674900 ms (FindLiveObjects: 0.149200 ms CreateObjectMapping: 0.033500 ms MarkObjects: 1.756100 ms  DeleteObjects: 0.734700 ms)

========================================================================
Received Prepare
Registering precompiled user dll's ...
Registered in 0.002755 seconds.
Begin MonoManager ReloadAssembly
Native extension for WindowsStandalone target not found
Refreshing native plugins compatible for Editor in 0.29 ms, found 0 plugins.
Preloading 0 native plugins for Editor in 0.00 ms.
[ScriptCompilation] NOT recompiling all scripts because this is an import worker process. Reason to compile was: Define symbols changed
Mono: successfully reloaded assembly
- Completed reload, in  1.084 seconds
Platform modules already initialized, skipping
Refreshing native plugins compatible for Editor in 0.25 ms, found 0 plugins.
Preloading 0 native plugins for Editor in 0.00 ms.
Unloading 1233 Unused Serialized files (Serialized files now loaded: 0)
System memory in use before: 65.1 MB.
System memory in use after: 62.8 MB.

Unloading 34 unused Assets to reduce memory usage. Loaded Objects now: 1657.
Total: 2.672000 ms (FindLiveObjects: 0.143200 ms CreateObjectMapping: 0.030400 ms MarkObjects: 1.526000 ms  DeleteObjects: 0.971600 ms)

========================================================================
Received Import Request.
  Time since last request: 85.615374 seconds.
  path: Assets/Scenes/SampleScene.unity
  artifactKey: Guid(9fc0d4010bbf28b4594072e72b8655ab) Importer(815301076,1909f56bfc062723c751e8b465ee728b)
Start importing Assets/Scenes/SampleScene.unity using Guid(9fc0d4010bbf28b4594072e72b8655ab) Importer(815301076,1909f56bfc062723c751e8b465ee728b)  -> (artifact id: '85059f4f9e1a832ed95adaa0d25c5c4c') in 0.015586 seconds
  Import took 0.017865 seconds .

========================================================================
Received Import Request.
  Time since last request: 0.000627 seconds.
  path: Assets/Scenes/SampleScene.unity
  artifactKey: Guid(9fc0d4010bbf28b4594072e72b8655ab) Importer(815301076,1909f56bfc062723c751e8b465ee728b)
Start importing Assets/Scenes/SampleScene.unity using Guid(9fc0d4010bbf28b4594072e72b8655ab) Importer(815301076,1909f56bfc062723c751e8b465ee728b)  -> (artifact id: '85059f4f9e1a832ed95adaa0d25c5c4c') in 0.004908 seconds
  Import took 0.007064 seconds .

========================================================================
Received Import Request.
  Time since last request: 11.135224 seconds.
  path: Assets/Free Low Poly Nature Kit/Demo.unity
  artifactKey: Guid(b040be61c57532843bcb1b25189dac63) Importer(815301076,1909f56bfc062723c751e8b465ee728b)
Start importing Assets/Free Low Poly Nature Kit/Demo.unity using Guid(b040be61c57532843bcb1b25189dac63) Importer(815301076,1909f56bfc062723c751e8b465ee728b)  -> (artifact id: '8713ac677d054b26f0043ea7e6aee604') in 0.006177 seconds
  Import took 0.008290 seconds .

========================================================================
Received Import Request.
  Time since last request: 49.692424 seconds.
  path: ProjectSettings/TagManager.asset
  artifactKey: Guid(00000000000000003000000000000000) Importer(815301076,1909f56bfc062723c751e8b465ee728b)
Start importing ProjectSettings/TagManager.asset using Guid(00000000000000003000000000000000) Importer(815301076,1909f56bfc062723c751e8b465ee728b)  -> (artifact id: 'ce6a35c3cddc746e7501c0bd0ed6d4ce') in 0.035834 seconds
  Import took 0.037906 seconds .

========================================================================
Received Import Request.
  Time since last request: 195.033580 seconds.
  path: Assets/Script
  artifactKey: Guid(87a0fd8f096cd8a4bb2e6e687ce85c3a) Importer(815301076,1909f56bfc062723c751e8b465ee728b)
Start importing Assets/Script using Guid(87a0fd8f096cd8a4bb2e6e687ce85c3a) Importer(815301076,1909f56bfc062723c751e8b465ee728b)  -> (artifact id: '23d86739103b1258d5061cb4c7650eee') in 0.005174 seconds
  Import took 0.007337 seconds .

========================================================================
Received Import Request.
  Time since last request: 4.719238 seconds.
  path: Assets/Scripts
  artifactKey: Guid(87a0fd8f096cd8a4bb2e6e687ce85c3a) Importer(815301076,1909f56bfc062723c751e8b465ee728b)
Start importing Assets/Scripts using Guid(87a0fd8f096cd8a4bb2e6e687ce85c3a) Importer(815301076,1909f56bfc062723c751e8b465ee728b)  -> (artifact id: '0462091da629c2641782ea76d9b9bb39') in 0.004969 seconds
  Import took 0.007188 seconds .

========================================================================
Received Import Request.
  Time since last request: 6.105213 seconds.
  path: Assets/Scripts/Player
  artifactKey: Guid(7d51e66d205eead41917778eefcff4a7) Importer(815301076,1909f56bfc062723c751e8b465ee728b)
Start importing Assets/Scripts/Player using Guid(7d51e66d205eead41917778eefcff4a7) Importer(815301076,1909f56bfc062723c751e8b465ee728b)  -> (artifact id: '5ecf5244e6d370af20bb41475face0f0') in 0.004958 seconds
  Import took 0.007005 seconds .

========================================================================
Received Import Request.
  Time since last request: 0.001043 seconds.
  path: Assets/Scripts/Player
  artifactKey: Guid(7d51e66d205eead41917778eefcff4a7) Importer(815301076,1909f56bfc062723c751e8b465ee728b)
Start importing Assets/Scripts/Player using Guid(7d51e66d205eead41917778eefcff4a7) Importer(815301076,1909f56bfc062723c751e8b465ee728b)  -> (artifact id: '5ecf5244e6d370af20bb41475face0f0') in 0.004375 seconds
  Import took 0.006446 seconds .

========================================================================
Received Import Request.
  Time since last request: 9.879592 seconds.
  path: Assets/Scripts/Player/PlayerController.cs
  artifactKey: Guid(3efe45ce1615b024d9be514e1756c9a1) Importer(815301076,1909f56bfc062723c751e8b465ee728b)
Start importing Assets/Scripts/Player/PlayerController.cs using Guid(3efe45ce1615b024d9be514e1756c9a1) Importer(815301076,1909f56bfc062723c751e8b465ee728b)  -> (artifact id: '669459251370583716aa2aaaaf11cae9') in 0.039281 seconds
  Import took 0.041455 seconds .

========================================================================
Received Prepare
Registering precompiled user dll's ...
Registered in 0.002018 seconds.
Begin MonoManager ReloadAssembly
Native extension for WindowsStandalone target not found
Refreshing native plugins compatible for Editor in 0.25 ms, found 0 plugins.
Preloading 0 native plugins for Editor in 0.00 ms.
[ScriptCompilation] NOT recompiling all scripts because this is an import worker process. Reason to compile was: Define symbols changed
Mono: successfully reloaded assembly
- Completed reload, in  1.085 seconds
Platform modules already initialized, skipping
Refreshing native plugins compatible for Editor in 0.26 ms, found 0 plugins.
Preloading 0 native plugins for Editor in 0.00 ms.
Unloading 1234 Unused Serialized files (Serialized files now loaded: 0)
System memory in use before: 65.2 MB.
System memory in use after: 62.9 MB.

Unloading 35 unused Assets to reduce memory usage. Loaded Objects now: 1661.
Total: 2.696000 ms (FindLiveObjects: 0.158700 ms CreateObjectMapping: 0.031500 ms MarkObjects: 1.523500 ms  DeleteObjects: 0.981000 ms)

========================================================================
Received Prepare
Registering precompiled user dll's ...
Registered in 0.002598 seconds.
Begin MonoManager ReloadAssembly
Native extension for WindowsStandalone target not found
Refreshing native plugins compatible for Editor in 0.38 ms, found 0 plugins.
Preloading 0 native plugins for Editor in 0.00 ms.
[ScriptCompilation] NOT recompiling all scripts because this is an import worker process. Reason to compile was: Define symbols changed
Mono: successfully reloaded assembly
- Completed reload, in  1.240 seconds
Platform modules already initialized, skipping
Refreshing native plugins compatible for Editor in 0.25 ms, found 0 plugins.
Preloading 0 native plugins for Editor in 0.00 ms.
Unloading 1234 Unused Serialized files (Serialized files now loaded: 0)
System memory in use before: 65.3 MB.
System memory in use after: 63.0 MB.

Unloading 34 unused Assets to reduce memory usage. Loaded Objects now: 1664.
Total: 2.576700 ms (FindLiveObjects: 0.145000 ms CreateObjectMapping: 0.030700 ms MarkObjects: 1.433700 ms  DeleteObjects: 0.966200 ms)

========================================================================
Received Prepare
Registering precompiled user dll's ...
Registered in 0.003089 seconds.
Begin MonoManager ReloadAssembly
Native extension for WindowsStandalone target not found
Refreshing native plugins compatible for Editor in 0.29 ms, found 0 plugins.
Preloading 0 native plugins for Editor in 0.00 ms.
[ScriptCompilation] NOT recompiling all scripts because this is an import worker process. Reason to compile was: Define symbols changed
Mono: successfully reloaded assembly
- Completed reload, in  1.279 seconds
Platform modules already initialized, skipping
Refreshing native plugins compatible for Editor in 0.29 ms, found 0 plugins.
Preloading 0 native plugins for Editor in 0.00 ms.
Unloading 1234 Unused Serialized files (Serialized files now loaded: 0)
System memory in use before: 65.3 MB.
System memory in use after: 63.0 MB.

Unloading 34 unused Assets to reduce memory usage. Loaded Objects now: 1667.
Total: 2.719600 ms (FindLiveObjects: 0.151900 ms CreateObjectMapping: 0.032100 ms MarkObjects: 1.503700 ms  DeleteObjects: 1.030600 ms)

========================================================================
Received Prepare
Registering precompiled user dll's ...
Registered in 0.001892 seconds.
Begin MonoManager ReloadAssembly
Native extension for WindowsStandalone target not found
Refreshing native plugins compatible for Editor in 0.26 ms, found 0 plugins.
Preloading 0 native plugins for Editor in 0.00 ms.
[ScriptCompilation] NOT recompiling all scripts because this is an import worker process. Reason to compile was: Define symbols changed
Mono: successfully reloaded assembly
- Completed reload, in  1.139 seconds
Platform modules already initialized, skipping
Refreshing native plugins compatible for Editor in 0.25 ms, found 0 plugins.
Preloading 0 native plugins for Editor in 0.00 ms.
Unloading 1234 Unused Serialized files (Serialized files now loaded: 0)
System memory in use before: 65.3 MB.
System memory in use after: 63.0 MB.

Unloading 34 unused Assets to reduce memory usage. Loaded Objects now: 1670.
Total: 2.720600 ms (FindLiveObjects: 0.152500 ms CreateObjectMapping: 0.029900 ms MarkObjects: 1.510900 ms  DeleteObjects: 1.026500 ms)

========================================================================
Received Prepare
Registering precompiled user dll's ...
Registered in 0.002870 seconds.
Begin MonoManager ReloadAssembly
Native extension for WindowsStandalone target not found
Refreshing native plugins compatible for Editor in 0.25 ms, found 0 plugins.
Preloading 0 native plugins for Editor in 0.00 ms.
[ScriptCompilation] NOT recompiling all scripts because this is an import worker process. Reason to compile was: Define symbols changed
Mono: successfully reloaded assembly
- Completed reload, in  1.124 seconds
Platform modules already initialized, skipping
Refreshing native plugins compatible for Editor in 0.25 ms, found 0 plugins.
Preloading 0 native plugins for Editor in 0.00 ms.
Unloading 1234 Unused Serialized files (Serialized files now loaded: 0)
System memory in use before: 65.3 MB.
System memory in use after: 63.0 MB.

Unloading 34 unused Assets to reduce memory usage. Loaded Objects now: 1673.
Total: 2.990200 ms (FindLiveObjects: 0.135000 ms CreateObjectMapping: 0.030300 ms MarkObjects: 1.657900 ms  DeleteObjects: 1.165800 ms)

========================================================================
Received Prepare
Registering precompiled user dll's ...
Registered in 0.001781 seconds.
Begin MonoManager ReloadAssembly
Native extension for WindowsStandalone target not found
Refreshing native plugins compatible for Editor in 0.40 ms, found 0 plugins.
Preloading 0 native plugins for Editor in 0.00 ms.
[ScriptCompilation] NOT recompiling all scripts because this is an import worker process. Reason to compile was: Define symbols changed
Mono: successfully reloaded assembly
- Completed reload, in  1.125 seconds
Platform modules already initialized, skipping
Refreshing native plugins compatible for Editor in 0.26 ms, found 0 plugins.
Preloading 0 native plugins for Editor in 0.00 ms.
Unloading 1234 Unused Serialized files (Serialized files now loaded: 0)
System memory in use before: 65.3 MB.
System memory in use after: 63.0 MB.

Unloading 34 unused Assets to reduce memory usage. Loaded Objects now: 1676.
Total: 2.827100 ms (FindLiveObjects: 0.247600 ms CreateObjectMapping: 0.053400 ms MarkObjects: 1.516300 ms  DeleteObjects: 1.008700 ms)

========================================================================
Received Prepare
Registering precompiled user dll's ...
Registered in 0.002011 seconds.
Begin MonoManager ReloadAssembly
Native extension for WindowsStandalone target not found
Refreshing native plugins compatible for Editor in 0.29 ms, found 0 plugins.
Preloading 0 native plugins for Editor in 0.00 ms.
[ScriptCompilation] NOT recompiling all scripts because this is an import worker process. Reason to compile was: Define symbols changed
Mono: successfully reloaded assembly
- Completed reload, in  1.285 seconds
Platform modules already initialized, skipping
Refreshing native plugins compatible for Editor in 0.37 ms, found 0 plugins.
Preloading 0 native plugins for Editor in 0.00 ms.
Unloading 1234 Unused Serialized files (Serialized files now loaded: 0)
System memory in use before: 65.3 MB.
System memory in use after: 63.0 MB.

Unloading 34 unused Assets to reduce memory usage. Loaded Objects now: 1679.
Total: 3.573000 ms (FindLiveObjects: 0.161700 ms CreateObjectMapping: 0.030700 ms MarkObjects: 2.150600 ms  DeleteObjects: 1.228100 ms)

========================================================================
Received Prepare
Registering precompiled user dll's ...
Registered in 0.001956 seconds.
Begin MonoManager ReloadAssembly
Native extension for WindowsStandalone target not found
Refreshing native plugins compatible for Editor in 0.28 ms, found 0 plugins.
Preloading 0 native plugins for Editor in 0.00 ms.
[ScriptCompilation] NOT recompiling all scripts because this is an import worker process. Reason to compile was: Define symbols changed
Mono: successfully reloaded assembly
- Completed reload, in  1.262 seconds
Platform modules already initialized, skipping
Refreshing native plugins compatible for Editor in 0.28 ms, found 0 plugins.
Preloading 0 native plugins for Editor in 0.00 ms.
Unloading 1234 Unused Serialized files (Serialized files now loaded: 0)
System memory in use before: 65.3 MB.
System memory in use after: 63.0 MB.

Unloading 34 unused Assets to reduce memory usage. Loaded Objects now: 1682.
Total: 3.324900 ms (FindLiveObjects: 0.168700 ms CreateObjectMapping: 0.030800 ms MarkObjects: 1.924100 ms  DeleteObjects: 1.199400 ms)

========================================================================
Received Prepare
Registering precompiled user dll's ...
Registered in 0.002315 seconds.
Begin MonoManager ReloadAssembly
Native extension for WindowsStandalone target not found
Refreshing native plugins compatible for Editor in 0.26 ms, found 0 plugins.
Preloading 0 native plugins for Editor in 0.00 ms.
[ScriptCompilation] NOT recompiling all scripts because this is an import worker process. Reason to compile was: Define symbols changed
Mono: successfully reloaded assembly
- Completed reload, in  1.255 seconds
Platform modules already initialized, skipping
Refreshing native plugins compatible for Editor in 0.26 ms, found 0 plugins.
Preloading 0 native plugins for Editor in 0.00 ms.
Unloading 1234 Unused Serialized files (Serialized files now loaded: 0)
System memory in use before: 65.3 MB.
System memory in use after: 63.0 MB.

Unloading 34 unused Assets to reduce memory usage. Loaded Objects now: 1685.
Total: 2.874800 ms (FindLiveObjects: 0.167900 ms CreateObjectMapping: 0.031800 ms MarkObjects: 1.647800 ms  DeleteObjects: 1.026100 ms)

========================================================================
Received Import Request.
  Time since last request: 1054.402956 seconds.
  path: Assets/Free Low Poly Nature Kit/Scripts
  artifactKey: Guid(1235564fcc9796a46a52dd859e6bc2ac) Importer(815301076,1909f56bfc062723c751e8b465ee728b)
Start importing Assets/Free Low Poly Nature Kit/Scripts using Guid(1235564fcc9796a46a52dd859e6bc2ac) Importer(815301076,1909f56bfc062723c751e8b465ee728b)  -> (artifact id: '94e7f5f368417a4c2b72ddc6da527de0') in 0.007253 seconds
  Import took 0.009615 seconds .

========================================================================
Received Import Request.
  Time since last request: 3.441624 seconds.
  path: Assets/Free Low Poly Nature Kit/Scripts/Player.cs
  artifactKey: Guid(6a1242c7f7981de4ea96d49f2a7ad895) Importer(815301076,1909f56bfc062723c751e8b465ee728b)
Start importing Assets/Free Low Poly Nature Kit/Scripts/Player.cs using Guid(6a1242c7f7981de4ea96d49f2a7ad895) Importer(815301076,1909f56bfc062723c751e8b465ee728b)  -> (artifact id: '5fd81d075327d7f7916d42094a9f20a8') in 0.004394 seconds
  Import took 0.006534 seconds .

========================================================================
Received Import Request.
  Time since last request: 0.032009 seconds.
  path: Assets/Free Low Poly Nature Kit/Scripts/Player.cs
  artifactKey: Guid(6a1242c7f7981de4ea96d49f2a7ad895) Importer(815301076,1909f56bfc062723c751e8b465ee728b)
Start importing Assets/Free Low Poly Nature Kit/Scripts/Player.cs using Guid(6a1242c7f7981de4ea96d49f2a7ad895) Importer(815301076,1909f56bfc062723c751e8b465ee728b)  -> (artifact id: '5fd81d075327d7f7916d42094a9f20a8') in 0.004483 seconds
  Import took 0.006574 seconds .

========================================================================
Received Import Request.
  Time since last request: 10.718036 seconds.
  path: Assets/Scripts/Player/CameraLook.cs
  artifactKey: Guid(38deebd10fa675048a261b5ea181e62d) Importer(815301076,1909f56bfc062723c751e8b465ee728b)
Start importing Assets/Scripts/Player/CameraLook.cs using Guid(38deebd10fa675048a261b5ea181e62d) Importer(815301076,1909f56bfc062723c751e8b465ee728b)  -> (artifact id: '9b8100a23f264f406a8f0f6be28c6bfb') in 0.005076 seconds
  Import took 0.007192 seconds .

========================================================================
Received Prepare
Registering precompiled user dll's ...
Registered in 0.002562 seconds.
Begin MonoManager ReloadAssembly
Native extension for WindowsStandalone target not found
Refreshing native plugins compatible for Editor in 0.25 ms, found 0 plugins.
Preloading 0 native plugins for Editor in 0.00 ms.
[ScriptCompilation] NOT recompiling all scripts because this is an import worker process. Reason to compile was: Define symbols changed
Mono: successfully reloaded assembly
- Completed reload, in  1.125 seconds
Platform modules already initialized, skipping
Refreshing native plugins compatible for Editor in 0.26 ms, found 0 plugins.
Preloading 0 native plugins for Editor in 0.00 ms.
Unloading 1235 Unused Serialized files (Serialized files now loaded: 0)
System memory in use before: 65.3 MB.
System memory in use after: 63.0 MB.

Unloading 34 unused Assets to reduce memory usage. Loaded Objects now: 1689.
Total: 2.860500 ms (FindLiveObjects: 0.159800 ms CreateObjectMapping: 0.033100 ms MarkObjects: 1.576600 ms  DeleteObjects: 1.089500 ms)

========================================================================
Received Prepare
Registering precompiled user dll's ...
Registered in 0.001879 seconds.
Begin MonoManager ReloadAssembly
Native extension for WindowsStandalone target not found
Refreshing native plugins compatible for Editor in 0.25 ms, found 0 plugins.
Preloading 0 native plugins for Editor in 0.00 ms.
[ScriptCompilation] NOT recompiling all scripts because this is an import worker process. Reason to compile was: Define symbols changed
Mono: successfully reloaded assembly
- Completed reload, in  1.182 seconds
Platform modules already initialized, skipping
Refreshing native plugins compatible for Editor in 0.25 ms, found 0 plugins.
Preloading 0 native plugins for Editor in 0.00 ms.
Unloading 1235 Unused Serialized files (Serialized files now loaded: 0)
System memory in use before: 65.4 MB.
System memory in use after: 63.1 MB.

Unloading 34 unused Assets to reduce memory usage. Loaded Objects now: 1692.
Total: 2.744900 ms (FindLiveObjects: 0.148400 ms CreateObjectMapping: 0.031100 ms MarkObjects: 1.562800 ms  DeleteObjects: 1.001600 ms)

========================================================================
Received Prepare
Registering precompiled user dll's ...
Registered in 0.002577 seconds.
Begin MonoManager ReloadAssembly
Native extension for WindowsStandalone target not found
Refreshing native plugins compatible for Editor in 0.26 ms, found 0 plugins.
Preloading 0 native plugins for Editor in 0.00 ms.
[ScriptCompilation] NOT recompiling all scripts because this is an import worker process. Reason to compile was: Define symbols changed
Mono: successfully reloaded assembly
- Completed reload, in  1.122 seconds
Platform modules already initialized, skipping
Refreshing native plugins compatible for Editor in 0.26 ms, found 0 plugins.
Preloading 0 native plugins for Editor in 0.00 ms.
Unloading 1235 Unused Serialized files (Serialized files now loaded: 0)
System memory in use before: 65.4 MB.
System memory in use after: 63.1 MB.

Unloading 34 unused Assets to reduce memory usage. Loaded Objects now: 1695.
Total: 2.662500 ms (FindLiveObjects: 0.150000 ms CreateObjectMapping: 0.028900 ms MarkObjects: 1.432200 ms  DeleteObjects: 1.050500 ms)

========================================================================
Received Prepare
Registering precompiled user dll's ...
Registered in 0.002407 seconds.
Begin MonoManager ReloadAssembly
Native extension for WindowsStandalone target not found
Refreshing native plugins compatible for Editor in 0.25 ms, found 0 plugins.
Preloading 0 native plugins for Editor in 0.00 ms.
[ScriptCompilation] NOT recompiling all scripts because this is an import worker process. Reason to compile was: Define symbols changed
Mono: successfully reloaded assembly
- Completed reload, in  1.161 seconds
Platform modules already initialized, skipping
Refreshing native plugins compatible for Editor in 0.35 ms, found 0 plugins.
Preloading 0 native plugins for Editor in 0.00 ms.
Unloading 1235 Unused Serialized files (Serialized files now loaded: 0)
System memory in use before: 65.4 MB.
System memory in use after: 63.1 MB.

Unloading 34 unused Assets to reduce memory usage. Loaded Objects now: 1698.
Total: 2.654500 ms (FindLiveObjects: 0.150600 ms CreateObjectMapping: 0.032400 ms MarkObjects: 1.473100 ms  DeleteObjects: 0.996900 ms)

========================================================================
Received Prepare
Registering precompiled user dll's ...
Registered in 0.002293 seconds.
Begin MonoManager ReloadAssembly
Native extension for WindowsStandalone target not found
Refreshing native plugins compatible for Editor in 0.25 ms, found 0 plugins.
Preloading 0 native plugins for Editor in 0.00 ms.
[ScriptCompilation] NOT recompiling all scripts because this is an import worker process. Reason to compile was: Define symbols changed
Mono: successfully reloaded assembly
- Completed reload, in  1.180 seconds
Platform modules already initialized, skipping
Refreshing native plugins compatible for Editor in 0.26 ms, found 0 plugins.
Preloading 0 native plugins for Editor in 0.00 ms.
Unloading 1235 Unused Serialized files (Serialized files now loaded: 0)
System memory in use before: 65.4 MB.
System memory in use after: 63.1 MB.

Unloading 34 unused Assets to reduce memory usage. Loaded Objects now: 1701.
Total: 2.617400 ms (FindLiveObjects: 0.140300 ms CreateObjectMapping: 0.031500 ms MarkObjects: 1.454900 ms  DeleteObjects: 0.989500 ms)

========================================================================
Received Prepare
Registering precompiled user dll's ...
Registered in 0.002050 seconds.
Begin MonoManager ReloadAssembly
Native extension for WindowsStandalone target not found
Refreshing native plugins compatible for Editor in 0.35 ms, found 0 plugins.
Preloading 0 native plugins for Editor in 0.00 ms.
[ScriptCompilation] NOT recompiling all scripts because this is an import worker process. Reason to compile was: Define symbols changed
Mono: successfully reloaded assembly
- Completed reload, in  1.177 seconds
Platform modules already initialized, skipping
Refreshing native plugins compatible for Editor in 0.25 ms, found 0 plugins.
Preloading 0 native plugins for Editor in 0.00 ms.
Unloading 1235 Unused Serialized files (Serialized files now loaded: 0)
System memory in use before: 65.4 MB.
System memory in use after: 63.1 MB.

Unloading 34 unused Assets to reduce memory usage. Loaded Objects now: 1704.
Total: 2.602600 ms (FindLiveObjects: 0.134700 ms CreateObjectMapping: 0.031600 ms MarkObjects: 1.436900 ms  DeleteObjects: 0.998400 ms)

========================================================================
Received Prepare
Registering precompiled user dll's ...
Registered in 0.001759 seconds.
Begin MonoManager ReloadAssembly
Native extension for WindowsStandalone target not found
Refreshing native plugins compatible for Editor in 0.25 ms, found 0 plugins.
Preloading 0 native plugins for Editor in 0.00 ms.
[ScriptCompilation] NOT recompiling all scripts because this is an import worker process. Reason to compile was: Define symbols changed
Mono: successfully reloaded assembly
- Completed reload, in  1.101 seconds
Platform modules already initialized, skipping
Refreshing native plugins compatible for Editor in 0.37 ms, found 0 plugins.
Preloading 0 native plugins for Editor in 0.00 ms.
Unloading 1235 Unused Serialized files (Serialized files now loaded: 0)
System memory in use before: 65.4 MB.
System memory in use after: 63.1 MB.

Unloading 34 unused Assets to reduce memory usage. Loaded Objects now: 1707.
Total: 3.073400 ms (FindLiveObjects: 0.177300 ms CreateObjectMapping: 0.041500 ms MarkObjects: 1.638000 ms  DeleteObjects: 1.215500 ms)

AssetImportWorkerClient::OnTransportError - code=2 error=End of file
