Using pre-set license
Built from '2020.3/staging' branch; Version is '2020.3.8f1 (507919d4fff5) revision 5273881'; Using compiler version '192528614'; Build Type 'Release'
OS: 'Windows 10 Home; OS build 19041.985; Version 2004; 64bit' Language: 'ko' Physical Memory: 16334 MB
BatchMode: 1, IsHumanControllingUs: 0, StartBugReporterOnCrash: 0, Is64bit: 1, IsPro: 0

 COMMAND LINE ARGUMENTS:
C:\Program Files\Unity\Hub\Editor\2020.3.8f1\Editor\Unity.exe
-adb2
-batchMode
-noUpm
-name
AssetImportWorker0
-projectPath
C:/sss/practice_Unity/SchoolProject2(3D)
-logFile
Logs/AssetImportWorker0.log
-srvPort
52170
Successfully changed project path to: C:/sss/practice_Unity/SchoolProject2(3D)
C:/sss/practice_Unity/SchoolProject2(3D)
Using Asset Import Pipeline V2.
Refreshing native plugins compatible for Editor in 39.40 ms, found 0 plugins.
Preloading 0 native plugins for Editor in 0.00 ms.
Initialize engine version: 2020.3.8f1 (507919d4fff5)
[Subsystems] Discovering subsystems at path C:/Program Files/Unity/Hub/Editor/2020.3.8f1/Editor/Data/Resources/UnitySubsystems
[Subsystems] Discovering subsystems at path C:/sss/practice_Unity/SchoolProject2(3D)/Assets
GfxDevice: creating device client; threaded=0
Direct3D:
    Version:  Direct3D 11.0 [level 11.1]
    Renderer: NVIDIA GeForce GTX 1060 6GB (ID=0x1c03)
    Vendor:   
    VRAM:     6052 MB
    Driver:   27.21.14.5671
Initialize mono
Mono path[0] = 'C:/Program Files/Unity/Hub/Editor/2020.3.8f1/Editor/Data/Managed'
Mono path[1] = 'C:/Program Files/Unity/Hub/Editor/2020.3.8f1/Editor/Data/MonoBleedingEdge/lib/mono/unityjit'
Mono config path = 'C:/Program Files/Unity/Hub/Editor/2020.3.8f1/Editor/Data/MonoBleedingEdge/etc'
Using monoOptions --debugger-agent=transport=dt_socket,embedding=1,server=y,suspend=n,address=127.0.0.1:56524
Begin MonoManager ReloadAssembly
Registering precompiled unity dll's ...
Register platform support module: C:/Program Files/Unity/Hub/Editor/2020.3.8f1/Editor/Data/PlaybackEngines/WindowsStandaloneSupport/UnityEditor.WindowsStandalone.Extensions.dll
Registered in 0.010312 seconds.
Native extension for WindowsStandalone target not found
Refreshing native plugins compatible for Editor in 36.70 ms, found 0 plugins.
Preloading 0 native plugins for Editor in 0.00 ms.
Mono: successfully reloaded assembly
- Completed reload, in  1.609 seconds
Platform modules already initialized, skipping
Registering precompiled user dll's ...
Registered in 0.002106 seconds.
Begin MonoManager ReloadAssembly
Native extension for WindowsStandalone target not found
Refreshing native plugins compatible for Editor in 35.22 ms, found 0 plugins.
Preloading 0 native plugins for Editor in 0.00 ms.
Mono: successfully reloaded assembly
- Completed reload, in  1.623 seconds
Platform modules already initialized, skipping
========================================================================
Worker process is ready to serve import requests
Launched and connected shader compiler UnityShaderCompiler.exe after 0.08 seconds
Refreshing native plugins compatible for Editor in 0.31 ms, found 0 plugins.
Preloading 0 native plugins for Editor in 0.00 ms.
Unloading 1435 Unused Serialized files (Serialized files now loaded: 0)
System memory in use before: 92.6 MB.
System memory in use after: 92.4 MB.

Unloading 23 unused Assets to reduce memory usage. Loaded Objects now: 1906.
Total: 2.057800 ms (FindLiveObjects: 0.182500 ms CreateObjectMapping: 0.035500 ms MarkObjects: 1.580500 ms  DeleteObjects: 0.258400 ms)

========================================================================
Received Import Request.
  path: Assets/Scripts/Game/Interaction.cs
  artifactKey: Guid(e1a1da731cad02f40a6cb957b64a7185) Importer(815301076,1909f56bfc062723c751e8b465ee728b)
Start importing Assets/Scripts/Game/Interaction.cs using Guid(e1a1da731cad02f40a6cb957b64a7185) Importer(815301076,1909f56bfc062723c751e8b465ee728b)  -> (artifact id: 'e127a8e7d244f99fb5af4d265b6b7497') in 0.050969 seconds
  Import took 0.054545 seconds .

========================================================================
Received Prepare
Registering precompiled user dll's ...
Registered in 0.002093 seconds.
Begin MonoManager ReloadAssembly
Native extension for WindowsStandalone target not found
Refreshing native plugins compatible for Editor in 0.31 ms, found 0 plugins.
Preloading 0 native plugins for Editor in 0.00 ms.
Mono: successfully reloaded assembly
- Completed reload, in  1.409 seconds
Platform modules already initialized, skipping
Refreshing native plugins compatible for Editor in 0.31 ms, found 0 plugins.
Preloading 0 native plugins for Editor in 0.00 ms.
Unloading 1365 Unused Serialized files (Serialized files now loaded: 0)
System memory in use before: 86.3 MB.
System memory in use after: 86.2 MB.

Unloading 9 unused Assets to reduce memory usage. Loaded Objects now: 1908.
Total: 1.930700 ms (FindLiveObjects: 0.149200 ms CreateObjectMapping: 0.035600 ms MarkObjects: 1.524800 ms  DeleteObjects: 0.220000 ms)

========================================================================
Received Import Request.
  Time since last request: 18.113206 seconds.
  path: Assets/Scripts/UI/InteractionUI.cs
  artifactKey: Guid(f78d395569bdf734682054c6ffc31d21) Importer(815301076,1909f56bfc062723c751e8b465ee728b)
Start importing Assets/Scripts/UI/InteractionUI.cs using Guid(f78d395569bdf734682054c6ffc31d21) Importer(815301076,1909f56bfc062723c751e8b465ee728b)  -> (artifact id: 'c234310d15712594f0fa811bc2a4741d') in 0.008161 seconds
  Import took 0.011018 seconds .

========================================================================
Received Import Request.
  Time since last request: 0.026968 seconds.
  path: Assets/Scripts/UI/InteractionUI.cs
  artifactKey: Guid(f78d395569bdf734682054c6ffc31d21) Importer(815301076,1909f56bfc062723c751e8b465ee728b)
Start importing Assets/Scripts/UI/InteractionUI.cs using Guid(f78d395569bdf734682054c6ffc31d21) Importer(815301076,1909f56bfc062723c751e8b465ee728b)  -> (artifact id: 'c234310d15712594f0fa811bc2a4741d') in 0.005392 seconds
  Import took 0.008403 seconds .

